INFO  Validating config
INFO  
  ===================================================================
                                                                     
      #####  #    # ##### ##### ###### #####  ###### #      #   #    
      #    # #    #   #     #   #      #    # #      #       # #     
      #####  #    #   #     #   #####  #    # #####  #        #     
      #    # #    #   #     #   #      #####  #      #        #      
      #    # #    #   #     #   #      #   #  #      #        #    
      #####   ####    #     #   ###### #    # #      ######   #  

                            4.2.2
  ===================================================================
INFO  Start processing
INFO  Hexo is running at http://localhost:4000/ . Press Ctrl+C to stop.
Could not locate Gemfile or .bundle/ directory
Could not locate Gemfile or .bundle/ directory
INFO  Validating config
INFO  
  ===================================================================
                                                                     
      #####  #    # ##### ##### ###### #####  ###### #      #   #    
      #    # #    #   #     #   #      #    # #      #       # #     
      #####  #    #   #     #   #####  #    # #####  #        #     
      #    # #    #   #     #   #      #####  #      #        #      
      #    # #    #   #     #   #      #   #  #      #        #    
      #####   ####    #     #   ###### #    # #      ######   #  

                            4.2.2
  ===================================================================
INFO  Start processing
INFO  Hexo is running at http://localhost:4000/ . Press Ctrl+C to stop.
